<?xml version="1.0" encoding="UTF-8" ?>
<testsuite tests="5" failures="0" name="com.github.nomad145.purepazaak.core.SideDeckTest" time="0.001" errors="0" skipped="0">
  <properties>
[...]
</properties>
  <testcase classname="com.github.nomad145.purepazaak.core.SideDeckTest" name="testAddCard" time="0.001"/>
  <testcase classname="com.github.nomad145.purepazaak.core.SideDeckTest" name="testSideDeckFull" time="0"/>
  <testcase classname="com.github.nomad145.purepazaak.core.SideDeckTest" name="testRemoveCard" time="0"/>
  <testcase classname="com.github.nomad145.purepazaak.core.SideDeckTest" name="testGreaterThanTenCards" time="0"/>
  <testcase classname="com.github.nomad145.purepazaak.core.SideDeckTest" name="testGetRandomCards" time="0"/>
</testsuite>